03-Oct-2021 23:45:54.811 INFO [main] org.apache.catalina.startup.VersionLoggerListener.log Server version name:   Apache Tomcat/9.0.53
03-Oct-2021 23:45:54.813 INFO [main] org.apache.catalina.startup.VersionLoggerListener.log Server built:          Sep 6 2021 19:09:00 UTC
03-Oct-2021 23:45:54.814 INFO [main] org.apache.catalina.startup.VersionLoggerListener.log Server version number: 9.0.53.0
03-Oct-2021 23:45:54.814 INFO [main] org.apache.catalina.startup.VersionLoggerListener.log OS Name:               Windows 10
03-Oct-2021 23:45:54.814 INFO [main] org.apache.catalina.startup.VersionLoggerListener.log OS Version:            10.0
03-Oct-2021 23:45:54.814 INFO [main] org.apache.catalina.startup.VersionLoggerListener.log Architecture:          amd64
03-Oct-2021 23:45:54.814 INFO [main] org.apache.catalina.startup.VersionLoggerListener.log Java Home:             C:\Program Files\Java\jdk1.8.0_301\jre
03-Oct-2021 23:45:54.815 INFO [main] org.apache.catalina.startup.VersionLoggerListener.log JVM Version:           1.8.0_301-b09
03-Oct-2021 23:45:54.815 INFO [main] org.apache.catalina.startup.VersionLoggerListener.log JVM Vendor:            Oracle Corporation
03-Oct-2021 23:45:54.815 INFO [main] org.apache.catalina.startup.VersionLoggerListener.log CATALINA_BASE:         D:\Personal Files\College\Senior - 1st sem\SOFTWAREDSNL-4651\Activity-6\myProject\rest-api-servelets
03-Oct-2021 23:45:54.815 INFO [main] org.apache.catalina.startup.VersionLoggerListener.log CATALINA_HOME:         D:\Personal Files\College\Senior - 1st sem\SOFTWAREDSNL-4651\Activity-6\myProject\rest-api-servelets
03-Oct-2021 23:45:54.816 INFO [main] org.apache.catalina.startup.VersionLoggerListener.log Command line argument: -Djava.util.logging.config.file=D:\Personal Files\College\Senior - 1st sem\SOFTWAREDSNL-4651\Activity-6\myProject\rest-api-servelets\conf\logging.properties
03-Oct-2021 23:45:54.816 INFO [main] org.apache.catalina.startup.VersionLoggerListener.log Command line argument: -Djava.util.logging.manager=org.apache.juli.ClassLoaderLogManager
03-Oct-2021 23:45:54.816 INFO [main] org.apache.catalina.startup.VersionLoggerListener.log Command line argument: -Djdk.tls.ephemeralDHKeySize=2048
03-Oct-2021 23:45:54.816 INFO [main] org.apache.catalina.startup.VersionLoggerListener.log Command line argument: -Djava.protocol.handler.pkgs=org.apache.catalina.webresources
03-Oct-2021 23:45:54.816 INFO [main] org.apache.catalina.startup.VersionLoggerListener.log Command line argument: -Dignore.endorsed.dirs=
03-Oct-2021 23:45:54.816 INFO [main] org.apache.catalina.startup.VersionLoggerListener.log Command line argument: -Dcatalina.base=D:\Personal Files\College\Senior - 1st sem\SOFTWAREDSNL-4651\Activity-6\myProject\rest-api-servelets
03-Oct-2021 23:45:54.817 INFO [main] org.apache.catalina.startup.VersionLoggerListener.log Command line argument: -Dcatalina.home=D:\Personal Files\College\Senior - 1st sem\SOFTWAREDSNL-4651\Activity-6\myProject\rest-api-servelets
03-Oct-2021 23:45:54.817 INFO [main] org.apache.catalina.startup.VersionLoggerListener.log Command line argument: -Djava.io.tmpdir=D:\Personal Files\College\Senior - 1st sem\SOFTWAREDSNL-4651\Activity-6\myProject\rest-api-servelets\temp
03-Oct-2021 23:45:54.820 INFO [main] org.apache.catalina.core.AprLifecycleListener.lifecycleEvent The Apache Tomcat Native library which allows using OpenSSL was not found on the java.library.path: [C:\Program Files\Java\jdk1.8.0_301\bin;C:\WINDOWS\Sun\Java\bin;C:\WINDOWS\system32;C:\WINDOWS;C:\WINDOWS\system32;C:\WINDOWS;C:\WINDOWS\System32\Wbem;C:\WINDOWS\System32\WindowsPowerShell\v1.0\;C:\WINDOWS\System32\OpenSSH\;C:\Program Files (x86)\NVIDIA Corporation\PhysX\Common;C:\Program Files\NVIDIA Corporation\NVIDIA NvDLISR;C:\Program Files\dotnet\;C:\Program Files (x86)\dotnet\;C:\Program Files\MATLAB\R2021a\bin;C:\Program Files\Git\cmd;C:\Program Files\nodejs\;C:\Program Files\Java\jdk1.8.0_301\bin;C:\Program Files\Java\jdk1.8.0_301\bin;C:\Program Files\MySQL\MySQL Shell 8.0\bin\;C:\Users\User\AppData\Local\Microsoft\WindowsApps;C:\Users\User\AppData\Local\Programs\Microsoft VS Code\bin;C:\Program Files\Java\jdk1.8.0_301\bin;D:\Personal Files\College\Senior - 1st sem\SOFTWAREDSNL-4651\Activity-6\myProject\rest-api-servelets\bin;C:\Users\User\AppData\Roaming\npm;.]
03-Oct-2021 23:45:55.100 INFO [main] org.apache.coyote.AbstractProtocol.init Initializing ProtocolHandler ["http-nio-8080"]
03-Oct-2021 23:45:55.116 INFO [main] org.apache.catalina.startup.Catalina.load Server initialization in [497] milliseconds
03-Oct-2021 23:45:55.152 INFO [main] org.apache.catalina.core.StandardService.startInternal Starting service [Catalina]
03-Oct-2021 23:45:55.152 INFO [main] org.apache.catalina.core.StandardEngine.startInternal Starting Servlet engine: [Apache Tomcat/9.0.53]
03-Oct-2021 23:45:55.158 INFO [main] org.apache.catalina.startup.HostConfig.deployDirectory Deploying web application directory [D:\Personal Files\College\Senior - 1st sem\SOFTWAREDSNL-4651\Activity-6\myProject\rest-api-servelets\webapps\app]
03-Oct-2021 23:45:55.415 INFO [main] org.apache.catalina.startup.HostConfig.deployDirectory Deployment of web application directory [D:\Personal Files\College\Senior - 1st sem\SOFTWAREDSNL-4651\Activity-6\myProject\rest-api-servelets\webapps\app] has finished in [257] ms
03-Oct-2021 23:45:55.416 INFO [main] org.apache.catalina.startup.HostConfig.deployDirectory Deploying web application directory [D:\Personal Files\College\Senior - 1st sem\SOFTWAREDSNL-4651\Activity-6\myProject\rest-api-servelets\webapps\docs]
03-Oct-2021 23:45:55.443 INFO [main] org.apache.catalina.startup.HostConfig.deployDirectory Deployment of web application directory [D:\Personal Files\College\Senior - 1st sem\SOFTWAREDSNL-4651\Activity-6\myProject\rest-api-servelets\webapps\docs] has finished in [27] ms
03-Oct-2021 23:45:55.443 INFO [main] org.apache.catalina.startup.HostConfig.deployDirectory Deploying web application directory [D:\Personal Files\College\Senior - 1st sem\SOFTWAREDSNL-4651\Activity-6\myProject\rest-api-servelets\webapps\examples]
03-Oct-2021 23:45:55.877 INFO [main] org.apache.catalina.startup.HostConfig.deployDirectory Deployment of web application directory [D:\Personal Files\College\Senior - 1st sem\SOFTWAREDSNL-4651\Activity-6\myProject\rest-api-servelets\webapps\examples] has finished in [434] ms
03-Oct-2021 23:45:55.877 INFO [main] org.apache.catalina.startup.HostConfig.deployDirectory Deploying web application directory [D:\Personal Files\College\Senior - 1st sem\SOFTWAREDSNL-4651\Activity-6\myProject\rest-api-servelets\webapps\host-manager]
03-Oct-2021 23:45:55.907 INFO [main] org.apache.catalina.startup.HostConfig.deployDirectory Deployment of web application directory [D:\Personal Files\College\Senior - 1st sem\SOFTWAREDSNL-4651\Activity-6\myProject\rest-api-servelets\webapps\host-manager] has finished in [30] ms
03-Oct-2021 23:45:55.907 INFO [main] org.apache.catalina.startup.HostConfig.deployDirectory Deploying web application directory [D:\Personal Files\College\Senior - 1st sem\SOFTWAREDSNL-4651\Activity-6\myProject\rest-api-servelets\webapps\manager]
03-Oct-2021 23:45:55.941 INFO [main] org.apache.catalina.startup.HostConfig.deployDirectory Deployment of web application directory [D:\Personal Files\College\Senior - 1st sem\SOFTWAREDSNL-4651\Activity-6\myProject\rest-api-servelets\webapps\manager] has finished in [34] ms
03-Oct-2021 23:45:55.941 INFO [main] org.apache.catalina.startup.HostConfig.deployDirectory Deploying web application directory [D:\Personal Files\College\Senior - 1st sem\SOFTWAREDSNL-4651\Activity-6\myProject\rest-api-servelets\webapps\ROOT]
03-Oct-2021 23:45:55.955 INFO [main] org.apache.catalina.startup.HostConfig.deployDirectory Deployment of web application directory [D:\Personal Files\College\Senior - 1st sem\SOFTWAREDSNL-4651\Activity-6\myProject\rest-api-servelets\webapps\ROOT] has finished in [14] ms
03-Oct-2021 23:45:55.958 INFO [main] org.apache.coyote.AbstractProtocol.start Starting ProtocolHandler ["http-nio-8080"]
03-Oct-2021 23:45:55.969 INFO [main] org.apache.catalina.startup.Catalina.start Server startup in [852] milliseconds
03-Oct-2021 23:59:43.520 INFO [Thread-3] org.apache.coyote.AbstractProtocol.pause Pausing ProtocolHandler ["http-nio-8080"]
03-Oct-2021 23:59:43.554 INFO [Thread-3] org.apache.catalina.core.StandardService.stopInternal Stopping service [Catalina]
03-Oct-2021 23:59:43.566 INFO [Thread-3] org.apache.coyote.AbstractProtocol.stop Stopping ProtocolHandler ["http-nio-8080"]
03-Oct-2021 23:59:43.602 INFO [Thread-3] org.apache.coyote.AbstractProtocol.destroy Destroying ProtocolHandler ["http-nio-8080"]
