05-Oct-2021 16:39:57.503 INFO [main] org.apache.catalina.startup.VersionLoggerListener.log Server version name:   Apache Tomcat/9.0.53
05-Oct-2021 16:39:57.504 INFO [main] org.apache.catalina.startup.VersionLoggerListener.log Server built:          Sep 6 2021 19:09:00 UTC
05-Oct-2021 16:39:57.504 INFO [main] org.apache.catalina.startup.VersionLoggerListener.log Server version number: 9.0.53.0
05-Oct-2021 16:39:57.505 INFO [main] org.apache.catalina.startup.VersionLoggerListener.log OS Name:               Windows 10
05-Oct-2021 16:39:57.505 INFO [main] org.apache.catalina.startup.VersionLoggerListener.log OS Version:            10.0
05-Oct-2021 16:39:57.505 INFO [main] org.apache.catalina.startup.VersionLoggerListener.log Architecture:          amd64
05-Oct-2021 16:39:57.505 INFO [main] org.apache.catalina.startup.VersionLoggerListener.log Java Home:             C:\Program Files\Java\jdk1.8.0_301\jre
05-Oct-2021 16:39:57.505 INFO [main] org.apache.catalina.startup.VersionLoggerListener.log JVM Version:           1.8.0_301-b09
05-Oct-2021 16:39:57.505 INFO [main] org.apache.catalina.startup.VersionLoggerListener.log JVM Vendor:            Oracle Corporation
05-Oct-2021 16:39:57.505 INFO [main] org.apache.catalina.startup.VersionLoggerListener.log CATALINA_BASE:         D:\Personal Files\College\Senior - 1st sem\SOFTWAREDSNL-4651\Activity-6\myProject\rest-api-servelets
05-Oct-2021 16:39:57.505 INFO [main] org.apache.catalina.startup.VersionLoggerListener.log CATALINA_HOME:         D:\Personal Files\College\Senior - 1st sem\SOFTWAREDSNL-4651\Activity-6\myProject\rest-api-servelets
05-Oct-2021 16:39:57.506 INFO [main] org.apache.catalina.startup.VersionLoggerListener.log Command line argument: -Djava.util.logging.config.file=D:\Personal Files\College\Senior - 1st sem\SOFTWAREDSNL-4651\Activity-6\myProject\rest-api-servelets\conf\logging.properties
05-Oct-2021 16:39:57.506 INFO [main] org.apache.catalina.startup.VersionLoggerListener.log Command line argument: -Djava.util.logging.manager=org.apache.juli.ClassLoaderLogManager
05-Oct-2021 16:39:57.506 INFO [main] org.apache.catalina.startup.VersionLoggerListener.log Command line argument: -Djdk.tls.ephemeralDHKeySize=2048
05-Oct-2021 16:39:57.506 INFO [main] org.apache.catalina.startup.VersionLoggerListener.log Command line argument: -Djava.protocol.handler.pkgs=org.apache.catalina.webresources
05-Oct-2021 16:39:57.507 INFO [main] org.apache.catalina.startup.VersionLoggerListener.log Command line argument: -Dignore.endorsed.dirs=
05-Oct-2021 16:39:57.507 INFO [main] org.apache.catalina.startup.VersionLoggerListener.log Command line argument: -Dcatalina.base=D:\Personal Files\College\Senior - 1st sem\SOFTWAREDSNL-4651\Activity-6\myProject\rest-api-servelets
05-Oct-2021 16:39:57.507 INFO [main] org.apache.catalina.startup.VersionLoggerListener.log Command line argument: -Dcatalina.home=D:\Personal Files\College\Senior - 1st sem\SOFTWAREDSNL-4651\Activity-6\myProject\rest-api-servelets
05-Oct-2021 16:39:57.507 INFO [main] org.apache.catalina.startup.VersionLoggerListener.log Command line argument: -Djava.io.tmpdir=D:\Personal Files\College\Senior - 1st sem\SOFTWAREDSNL-4651\Activity-6\myProject\rest-api-servelets\temp
05-Oct-2021 16:39:57.511 INFO [main] org.apache.catalina.core.AprLifecycleListener.lifecycleEvent The Apache Tomcat Native library which allows using OpenSSL was not found on the java.library.path: [C:\Program Files\Java\jdk1.8.0_301\bin;C:\WINDOWS\Sun\Java\bin;C:\WINDOWS\system32;C:\WINDOWS;C:\WINDOWS\system32;C:\WINDOWS;C:\WINDOWS\System32\Wbem;C:\WINDOWS\System32\WindowsPowerShell\v1.0\;C:\WINDOWS\System32\OpenSSH\;C:\Program Files (x86)\NVIDIA Corporation\PhysX\Common;C:\Program Files\NVIDIA Corporation\NVIDIA NvDLISR;C:\Program Files\dotnet\;C:\Program Files (x86)\dotnet\;C:\Program Files\MATLAB\R2021a\bin;C:\Program Files\Git\cmd;C:\Program Files\nodejs\;C:\Program Files\Java\jdk1.8.0_301\bin;C:\Program Files\Java\jdk1.8.0_301\bin;C:\Program Files\MySQL\MySQL Shell 8.0\bin\;C:\Users\User\AppData\Local\Microsoft\WindowsApps;C:\Users\User\AppData\Local\Programs\Microsoft VS Code\bin;C:\Program Files\Java\jdk1.8.0_301\bin;D:\Personal Files\College\Senior - 1st sem\SOFTWAREDSNL-4651\Activity-6\myProject\rest-api-servelets\bin;C:\Users\User\AppData\Roaming\npm;.]
05-Oct-2021 16:39:57.806 INFO [main] org.apache.coyote.AbstractProtocol.init Initializing ProtocolHandler ["http-nio-8080"]
05-Oct-2021 16:39:57.819 INFO [main] org.apache.catalina.startup.Catalina.load Server initialization in [523] milliseconds
05-Oct-2021 16:39:57.848 INFO [main] org.apache.catalina.core.StandardService.startInternal Starting service [Catalina]
05-Oct-2021 16:39:57.849 INFO [main] org.apache.catalina.core.StandardEngine.startInternal Starting Servlet engine: [Apache Tomcat/9.0.53]
05-Oct-2021 16:39:57.865 INFO [main] org.apache.catalina.startup.HostConfig.deployDirectory Deploying web application directory [D:\Personal Files\College\Senior - 1st sem\SOFTWAREDSNL-4651\Activity-6\myProject\rest-api-servelets\webapps\app]
05-Oct-2021 16:39:58.237 INFO [main] org.apache.jasper.servlet.TldScanner.scanJars At least one JAR was scanned for TLDs yet contained no TLDs. Enable debug logging for this logger for a complete list of JARs that were scanned but no TLDs were found in them. Skipping unneeded JARs during scanning can improve startup time and JSP compilation time.
05-Oct-2021 16:39:58.314 INFO [main] org.apache.catalina.startup.HostConfig.deployDirectory Deployment of web application directory [D:\Personal Files\College\Senior - 1st sem\SOFTWAREDSNL-4651\Activity-6\myProject\rest-api-servelets\webapps\app] has finished in [449] ms
05-Oct-2021 16:39:58.314 INFO [main] org.apache.catalina.startup.HostConfig.deployDirectory Deploying web application directory [D:\Personal Files\College\Senior - 1st sem\SOFTWAREDSNL-4651\Activity-6\myProject\rest-api-servelets\webapps\docs]
05-Oct-2021 16:39:58.494 INFO [main] org.apache.jasper.servlet.TldScanner.scanJars At least one JAR was scanned for TLDs yet contained no TLDs. Enable debug logging for this logger for a complete list of JARs that were scanned but no TLDs were found in them. Skipping unneeded JARs during scanning can improve startup time and JSP compilation time.
05-Oct-2021 16:39:58.495 INFO [main] org.apache.catalina.startup.HostConfig.deployDirectory Deployment of web application directory [D:\Personal Files\College\Senior - 1st sem\SOFTWAREDSNL-4651\Activity-6\myProject\rest-api-servelets\webapps\docs] has finished in [181] ms
05-Oct-2021 16:39:58.495 INFO [main] org.apache.catalina.startup.HostConfig.deployDirectory Deploying web application directory [D:\Personal Files\College\Senior - 1st sem\SOFTWAREDSNL-4651\Activity-6\myProject\rest-api-servelets\webapps\examples]
05-Oct-2021 16:39:59.035 INFO [main] org.apache.jasper.servlet.TldScanner.scanJars At least one JAR was scanned for TLDs yet contained no TLDs. Enable debug logging for this logger for a complete list of JARs that were scanned but no TLDs were found in them. Skipping unneeded JARs during scanning can improve startup time and JSP compilation time.
05-Oct-2021 16:39:59.059 INFO [main] org.apache.catalina.startup.HostConfig.deployDirectory Deployment of web application directory [D:\Personal Files\College\Senior - 1st sem\SOFTWAREDSNL-4651\Activity-6\myProject\rest-api-servelets\webapps\examples] has finished in [564] ms
05-Oct-2021 16:39:59.059 INFO [main] org.apache.catalina.startup.HostConfig.deployDirectory Deploying web application directory [D:\Personal Files\College\Senior - 1st sem\SOFTWAREDSNL-4651\Activity-6\myProject\rest-api-servelets\webapps\host-manager]
05-Oct-2021 16:39:59.232 INFO [main] org.apache.jasper.servlet.TldScanner.scanJars At least one JAR was scanned for TLDs yet contained no TLDs. Enable debug logging for this logger for a complete list of JARs that were scanned but no TLDs were found in them. Skipping unneeded JARs during scanning can improve startup time and JSP compilation time.
05-Oct-2021 16:39:59.234 INFO [main] org.apache.catalina.startup.HostConfig.deployDirectory Deployment of web application directory [D:\Personal Files\College\Senior - 1st sem\SOFTWAREDSNL-4651\Activity-6\myProject\rest-api-servelets\webapps\host-manager] has finished in [175] ms
05-Oct-2021 16:39:59.234 INFO [main] org.apache.catalina.startup.HostConfig.deployDirectory Deploying web application directory [D:\Personal Files\College\Senior - 1st sem\SOFTWAREDSNL-4651\Activity-6\myProject\rest-api-servelets\webapps\manager]
05-Oct-2021 16:39:59.413 INFO [main] org.apache.jasper.servlet.TldScanner.scanJars At least one JAR was scanned for TLDs yet contained no TLDs. Enable debug logging for this logger for a complete list of JARs that were scanned but no TLDs were found in them. Skipping unneeded JARs during scanning can improve startup time and JSP compilation time.
05-Oct-2021 16:39:59.414 INFO [main] org.apache.catalina.startup.HostConfig.deployDirectory Deployment of web application directory [D:\Personal Files\College\Senior - 1st sem\SOFTWAREDSNL-4651\Activity-6\myProject\rest-api-servelets\webapps\manager] has finished in [180] ms
05-Oct-2021 16:39:59.415 INFO [main] org.apache.catalina.startup.HostConfig.deployDirectory Deploying web application directory [D:\Personal Files\College\Senior - 1st sem\SOFTWAREDSNL-4651\Activity-6\myProject\rest-api-servelets\webapps\ROOT]
05-Oct-2021 16:39:59.578 INFO [main] org.apache.jasper.servlet.TldScanner.scanJars At least one JAR was scanned for TLDs yet contained no TLDs. Enable debug logging for this logger for a complete list of JARs that were scanned but no TLDs were found in them. Skipping unneeded JARs during scanning can improve startup time and JSP compilation time.
05-Oct-2021 16:39:59.579 INFO [main] org.apache.catalina.startup.HostConfig.deployDirectory Deployment of web application directory [D:\Personal Files\College\Senior - 1st sem\SOFTWAREDSNL-4651\Activity-6\myProject\rest-api-servelets\webapps\ROOT] has finished in [165] ms
05-Oct-2021 16:39:59.594 INFO [main] org.apache.coyote.AbstractProtocol.start Starting ProtocolHandler ["http-nio-8080"]
05-Oct-2021 16:39:59.625 INFO [main] org.apache.catalina.startup.Catalina.start Server startup in [1806] milliseconds
05-Oct-2021 16:42:39.126 INFO [Thread-3] org.apache.coyote.AbstractProtocol.pause Pausing ProtocolHandler ["http-nio-8080"]
05-Oct-2021 16:42:39.159 INFO [Thread-3] org.apache.catalina.core.StandardService.stopInternal Stopping service [Catalina]
05-Oct-2021 16:42:39.173 INFO [Thread-3] org.apache.coyote.AbstractProtocol.stop Stopping ProtocolHandler ["http-nio-8080"]
05-Oct-2021 16:42:39.206 INFO [Thread-3] org.apache.coyote.AbstractProtocol.destroy Destroying ProtocolHandler ["http-nio-8080"]
05-Oct-2021 16:42:40.984 INFO [main] org.apache.catalina.startup.VersionLoggerListener.log Server version name:   Apache Tomcat/9.0.53
05-Oct-2021 16:42:40.986 INFO [main] org.apache.catalina.startup.VersionLoggerListener.log Server built:          Sep 6 2021 19:09:00 UTC
05-Oct-2021 16:42:40.986 INFO [main] org.apache.catalina.startup.VersionLoggerListener.log Server version number: 9.0.53.0
05-Oct-2021 16:42:40.986 INFO [main] org.apache.catalina.startup.VersionLoggerListener.log OS Name:               Windows 10
05-Oct-2021 16:42:40.987 INFO [main] org.apache.catalina.startup.VersionLoggerListener.log OS Version:            10.0
05-Oct-2021 16:42:40.987 INFO [main] org.apache.catalina.startup.VersionLoggerListener.log Architecture:          amd64
05-Oct-2021 16:42:40.987 INFO [main] org.apache.catalina.startup.VersionLoggerListener.log Java Home:             C:\Program Files\Java\jdk1.8.0_301\jre
05-Oct-2021 16:42:40.987 INFO [main] org.apache.catalina.startup.VersionLoggerListener.log JVM Version:           1.8.0_301-b09
05-Oct-2021 16:42:40.987 INFO [main] org.apache.catalina.startup.VersionLoggerListener.log JVM Vendor:            Oracle Corporation
05-Oct-2021 16:42:40.987 INFO [main] org.apache.catalina.startup.VersionLoggerListener.log CATALINA_BASE:         D:\Personal Files\College\Senior - 1st sem\SOFTWAREDSNL-4651\Activity-6\myProject\rest-api-servelets
05-Oct-2021 16:42:40.987 INFO [main] org.apache.catalina.startup.VersionLoggerListener.log CATALINA_HOME:         D:\Personal Files\College\Senior - 1st sem\SOFTWAREDSNL-4651\Activity-6\myProject\rest-api-servelets
05-Oct-2021 16:42:40.988 INFO [main] org.apache.catalina.startup.VersionLoggerListener.log Command line argument: -Djava.util.logging.config.file=D:\Personal Files\College\Senior - 1st sem\SOFTWAREDSNL-4651\Activity-6\myProject\rest-api-servelets\conf\logging.properties
05-Oct-2021 16:42:40.988 INFO [main] org.apache.catalina.startup.VersionLoggerListener.log Command line argument: -Djava.util.logging.manager=org.apache.juli.ClassLoaderLogManager
05-Oct-2021 16:42:40.988 INFO [main] org.apache.catalina.startup.VersionLoggerListener.log Command line argument: -Djdk.tls.ephemeralDHKeySize=2048
05-Oct-2021 16:42:40.988 INFO [main] org.apache.catalina.startup.VersionLoggerListener.log Command line argument: -Djava.protocol.handler.pkgs=org.apache.catalina.webresources
05-Oct-2021 16:42:40.988 INFO [main] org.apache.catalina.startup.VersionLoggerListener.log Command line argument: -Dignore.endorsed.dirs=
05-Oct-2021 16:42:40.989 INFO [main] org.apache.catalina.startup.VersionLoggerListener.log Command line argument: -Dcatalina.base=D:\Personal Files\College\Senior - 1st sem\SOFTWAREDSNL-4651\Activity-6\myProject\rest-api-servelets
05-Oct-2021 16:42:40.989 INFO [main] org.apache.catalina.startup.VersionLoggerListener.log Command line argument: -Dcatalina.home=D:\Personal Files\College\Senior - 1st sem\SOFTWAREDSNL-4651\Activity-6\myProject\rest-api-servelets
05-Oct-2021 16:42:40.990 INFO [main] org.apache.catalina.startup.VersionLoggerListener.log Command line argument: -Djava.io.tmpdir=D:\Personal Files\College\Senior - 1st sem\SOFTWAREDSNL-4651\Activity-6\myProject\rest-api-servelets\temp
05-Oct-2021 16:42:40.993 INFO [main] org.apache.catalina.core.AprLifecycleListener.lifecycleEvent The Apache Tomcat Native library which allows using OpenSSL was not found on the java.library.path: [C:\Program Files\Java\jdk1.8.0_301\bin;C:\WINDOWS\Sun\Java\bin;C:\WINDOWS\system32;C:\WINDOWS;C:\WINDOWS\system32;C:\WINDOWS;C:\WINDOWS\System32\Wbem;C:\WINDOWS\System32\WindowsPowerShell\v1.0\;C:\WINDOWS\System32\OpenSSH\;C:\Program Files (x86)\NVIDIA Corporation\PhysX\Common;C:\Program Files\NVIDIA Corporation\NVIDIA NvDLISR;C:\Program Files\dotnet\;C:\Program Files (x86)\dotnet\;C:\Program Files\MATLAB\R2021a\bin;C:\Program Files\Git\cmd;C:\Program Files\nodejs\;C:\Program Files\Java\jdk1.8.0_301\bin;C:\Program Files\Java\jdk1.8.0_301\bin;C:\Program Files\MySQL\MySQL Shell 8.0\bin\;C:\Users\User\AppData\Local\Microsoft\WindowsApps;C:\Users\User\AppData\Local\Programs\Microsoft VS Code\bin;C:\Program Files\Java\jdk1.8.0_301\bin;D:\Personal Files\College\Senior - 1st sem\SOFTWAREDSNL-4651\Activity-6\myProject\rest-api-servelets\bin;C:\Users\User\AppData\Roaming\npm;.]
05-Oct-2021 16:42:41.201 INFO [main] org.apache.coyote.AbstractProtocol.init Initializing ProtocolHandler ["http-nio-8080"]
05-Oct-2021 16:42:41.213 INFO [main] org.apache.catalina.startup.Catalina.load Server initialization in [331] milliseconds
05-Oct-2021 16:42:41.233 INFO [main] org.apache.catalina.core.StandardService.startInternal Starting service [Catalina]
05-Oct-2021 16:42:41.234 INFO [main] org.apache.catalina.core.StandardEngine.startInternal Starting Servlet engine: [Apache Tomcat/9.0.53]
05-Oct-2021 16:42:41.239 INFO [main] org.apache.catalina.startup.HostConfig.deployDirectory Deploying web application directory [D:\Personal Files\College\Senior - 1st sem\SOFTWAREDSNL-4651\Activity-6\myProject\rest-api-servelets\webapps\app]
05-Oct-2021 16:42:41.558 INFO [main] org.apache.jasper.servlet.TldScanner.scanJars At least one JAR was scanned for TLDs yet contained no TLDs. Enable debug logging for this logger for a complete list of JARs that were scanned but no TLDs were found in them. Skipping unneeded JARs during scanning can improve startup time and JSP compilation time.
05-Oct-2021 16:42:41.618 INFO [main] org.apache.catalina.startup.HostConfig.deployDirectory Deployment of web application directory [D:\Personal Files\College\Senior - 1st sem\SOFTWAREDSNL-4651\Activity-6\myProject\rest-api-servelets\webapps\app] has finished in [380] ms
05-Oct-2021 16:42:41.618 INFO [main] org.apache.catalina.startup.HostConfig.deployDirectory Deploying web application directory [D:\Personal Files\College\Senior - 1st sem\SOFTWAREDSNL-4651\Activity-6\myProject\rest-api-servelets\webapps\docs]
05-Oct-2021 16:42:41.790 INFO [main] org.apache.jasper.servlet.TldScanner.scanJars At least one JAR was scanned for TLDs yet contained no TLDs. Enable debug logging for this logger for a complete list of JARs that were scanned but no TLDs were found in them. Skipping unneeded JARs during scanning can improve startup time and JSP compilation time.
05-Oct-2021 16:42:41.791 INFO [main] org.apache.catalina.startup.HostConfig.deployDirectory Deployment of web application directory [D:\Personal Files\College\Senior - 1st sem\SOFTWAREDSNL-4651\Activity-6\myProject\rest-api-servelets\webapps\docs] has finished in [173] ms
05-Oct-2021 16:42:41.791 INFO [main] org.apache.catalina.startup.HostConfig.deployDirectory Deploying web application directory [D:\Personal Files\College\Senior - 1st sem\SOFTWAREDSNL-4651\Activity-6\myProject\rest-api-servelets\webapps\examples]
05-Oct-2021 16:42:42.063 INFO [main] org.apache.jasper.servlet.TldScanner.scanJars At least one JAR was scanned for TLDs yet contained no TLDs. Enable debug logging for this logger for a complete list of JARs that were scanned but no TLDs were found in them. Skipping unneeded JARs during scanning can improve startup time and JSP compilation time.
05-Oct-2021 16:42:42.086 INFO [main] org.apache.catalina.startup.HostConfig.deployDirectory Deployment of web application directory [D:\Personal Files\College\Senior - 1st sem\SOFTWAREDSNL-4651\Activity-6\myProject\rest-api-servelets\webapps\examples] has finished in [295] ms
05-Oct-2021 16:42:42.086 INFO [main] org.apache.catalina.startup.HostConfig.deployDirectory Deploying web application directory [D:\Personal Files\College\Senior - 1st sem\SOFTWAREDSNL-4651\Activity-6\myProject\rest-api-servelets\webapps\host-manager]
05-Oct-2021 16:42:42.250 INFO [main] org.apache.jasper.servlet.TldScanner.scanJars At least one JAR was scanned for TLDs yet contained no TLDs. Enable debug logging for this logger for a complete list of JARs that were scanned but no TLDs were found in them. Skipping unneeded JARs during scanning can improve startup time and JSP compilation time.
05-Oct-2021 16:42:42.252 INFO [main] org.apache.catalina.startup.HostConfig.deployDirectory Deployment of web application directory [D:\Personal Files\College\Senior - 1st sem\SOFTWAREDSNL-4651\Activity-6\myProject\rest-api-servelets\webapps\host-manager] has finished in [166] ms
05-Oct-2021 16:42:42.253 INFO [main] org.apache.catalina.startup.HostConfig.deployDirectory Deploying web application directory [D:\Personal Files\College\Senior - 1st sem\SOFTWAREDSNL-4651\Activity-6\myProject\rest-api-servelets\webapps\manager]
05-Oct-2021 16:42:42.404 INFO [main] org.apache.jasper.servlet.TldScanner.scanJars At least one JAR was scanned for TLDs yet contained no TLDs. Enable debug logging for this logger for a complete list of JARs that were scanned but no TLDs were found in them. Skipping unneeded JARs during scanning can improve startup time and JSP compilation time.
05-Oct-2021 16:42:42.405 INFO [main] org.apache.catalina.startup.HostConfig.deployDirectory Deployment of web application directory [D:\Personal Files\College\Senior - 1st sem\SOFTWAREDSNL-4651\Activity-6\myProject\rest-api-servelets\webapps\manager] has finished in [152] ms
05-Oct-2021 16:42:42.406 INFO [main] org.apache.catalina.startup.HostConfig.deployDirectory Deploying web application directory [D:\Personal Files\College\Senior - 1st sem\SOFTWAREDSNL-4651\Activity-6\myProject\rest-api-servelets\webapps\ROOT]
05-Oct-2021 16:42:42.583 INFO [main] org.apache.jasper.servlet.TldScanner.scanJars At least one JAR was scanned for TLDs yet contained no TLDs. Enable debug logging for this logger for a complete list of JARs that were scanned but no TLDs were found in them. Skipping unneeded JARs during scanning can improve startup time and JSP compilation time.
05-Oct-2021 16:42:42.585 INFO [main] org.apache.catalina.startup.HostConfig.deployDirectory Deployment of web application directory [D:\Personal Files\College\Senior - 1st sem\SOFTWAREDSNL-4651\Activity-6\myProject\rest-api-servelets\webapps\ROOT] has finished in [179] ms
05-Oct-2021 16:42:42.587 INFO [main] org.apache.coyote.AbstractProtocol.start Starting ProtocolHandler ["http-nio-8080"]
05-Oct-2021 16:42:42.594 INFO [main] org.apache.catalina.startup.Catalina.start Server startup in [1381] milliseconds
05-Oct-2021 16:43:44.473 INFO [Thread-3] org.apache.coyote.AbstractProtocol.pause Pausing ProtocolHandler ["http-nio-8080"]
05-Oct-2021 16:43:44.505 INFO [Thread-3] org.apache.catalina.core.StandardService.stopInternal Stopping service [Catalina]
05-Oct-2021 16:43:44.517 INFO [Thread-3] org.apache.coyote.AbstractProtocol.stop Stopping ProtocolHandler ["http-nio-8080"]
05-Oct-2021 16:43:44.552 INFO [Thread-3] org.apache.coyote.AbstractProtocol.destroy Destroying ProtocolHandler ["http-nio-8080"]
05-Oct-2021 16:43:46.700 INFO [main] org.apache.catalina.startup.VersionLoggerListener.log Server version name:   Apache Tomcat/9.0.53
05-Oct-2021 16:43:46.702 INFO [main] org.apache.catalina.startup.VersionLoggerListener.log Server built:          Sep 6 2021 19:09:00 UTC
05-Oct-2021 16:43:46.702 INFO [main] org.apache.catalina.startup.VersionLoggerListener.log Server version number: 9.0.53.0
05-Oct-2021 16:43:46.702 INFO [main] org.apache.catalina.startup.VersionLoggerListener.log OS Name:               Windows 10
05-Oct-2021 16:43:46.702 INFO [main] org.apache.catalina.startup.VersionLoggerListener.log OS Version:            10.0
05-Oct-2021 16:43:46.703 INFO [main] org.apache.catalina.startup.VersionLoggerListener.log Architecture:          amd64
05-Oct-2021 16:43:46.703 INFO [main] org.apache.catalina.startup.VersionLoggerListener.log Java Home:             C:\Program Files\Java\jdk1.8.0_301\jre
05-Oct-2021 16:43:46.703 INFO [main] org.apache.catalina.startup.VersionLoggerListener.log JVM Version:           1.8.0_301-b09
05-Oct-2021 16:43:46.703 INFO [main] org.apache.catalina.startup.VersionLoggerListener.log JVM Vendor:            Oracle Corporation
05-Oct-2021 16:43:46.703 INFO [main] org.apache.catalina.startup.VersionLoggerListener.log CATALINA_BASE:         D:\Personal Files\College\Senior - 1st sem\SOFTWAREDSNL-4651\Activity-6\myProject\rest-api-servelets
05-Oct-2021 16:43:46.703 INFO [main] org.apache.catalina.startup.VersionLoggerListener.log CATALINA_HOME:         D:\Personal Files\College\Senior - 1st sem\SOFTWAREDSNL-4651\Activity-6\myProject\rest-api-servelets
05-Oct-2021 16:43:46.704 INFO [main] org.apache.catalina.startup.VersionLoggerListener.log Command line argument: -Djava.util.logging.config.file=D:\Personal Files\College\Senior - 1st sem\SOFTWAREDSNL-4651\Activity-6\myProject\rest-api-servelets\conf\logging.properties
05-Oct-2021 16:43:46.704 INFO [main] org.apache.catalina.startup.VersionLoggerListener.log Command line argument: -Djava.util.logging.manager=org.apache.juli.ClassLoaderLogManager
05-Oct-2021 16:43:46.704 INFO [main] org.apache.catalina.startup.VersionLoggerListener.log Command line argument: -Djdk.tls.ephemeralDHKeySize=2048
05-Oct-2021 16:43:46.704 INFO [main] org.apache.catalina.startup.VersionLoggerListener.log Command line argument: -Djava.protocol.handler.pkgs=org.apache.catalina.webresources
05-Oct-2021 16:43:46.704 INFO [main] org.apache.catalina.startup.VersionLoggerListener.log Command line argument: -Dignore.endorsed.dirs=
05-Oct-2021 16:43:46.705 INFO [main] org.apache.catalina.startup.VersionLoggerListener.log Command line argument: -Dcatalina.base=D:\Personal Files\College\Senior - 1st sem\SOFTWAREDSNL-4651\Activity-6\myProject\rest-api-servelets
05-Oct-2021 16:43:46.705 INFO [main] org.apache.catalina.startup.VersionLoggerListener.log Command line argument: -Dcatalina.home=D:\Personal Files\College\Senior - 1st sem\SOFTWAREDSNL-4651\Activity-6\myProject\rest-api-servelets
05-Oct-2021 16:43:46.705 INFO [main] org.apache.catalina.startup.VersionLoggerListener.log Command line argument: -Djava.io.tmpdir=D:\Personal Files\College\Senior - 1st sem\SOFTWAREDSNL-4651\Activity-6\myProject\rest-api-servelets\temp
05-Oct-2021 16:43:46.708 INFO [main] org.apache.catalina.core.AprLifecycleListener.lifecycleEvent The Apache Tomcat Native library which allows using OpenSSL was not found on the java.library.path: [C:\Program Files\Java\jdk1.8.0_301\bin;C:\WINDOWS\Sun\Java\bin;C:\WINDOWS\system32;C:\WINDOWS;C:\WINDOWS\system32;C:\WINDOWS;C:\WINDOWS\System32\Wbem;C:\WINDOWS\System32\WindowsPowerShell\v1.0\;C:\WINDOWS\System32\OpenSSH\;C:\Program Files (x86)\NVIDIA Corporation\PhysX\Common;C:\Program Files\NVIDIA Corporation\NVIDIA NvDLISR;C:\Program Files\dotnet\;C:\Program Files (x86)\dotnet\;C:\Program Files\MATLAB\R2021a\bin;C:\Program Files\Git\cmd;C:\Program Files\nodejs\;C:\Program Files\Java\jdk1.8.0_301\bin;C:\Program Files\Java\jdk1.8.0_301\bin;C:\Program Files\MySQL\MySQL Shell 8.0\bin\;C:\Users\User\AppData\Local\Microsoft\WindowsApps;C:\Users\User\AppData\Local\Programs\Microsoft VS Code\bin;C:\Program Files\Java\jdk1.8.0_301\bin;D:\Personal Files\College\Senior - 1st sem\SOFTWAREDSNL-4651\Activity-6\myProject\rest-api-servelets\bin;C:\Users\User\AppData\Roaming\npm;.]
05-Oct-2021 16:43:46.915 INFO [main] org.apache.coyote.AbstractProtocol.init Initializing ProtocolHandler ["http-nio-8080"]
05-Oct-2021 16:43:46.928 INFO [main] org.apache.catalina.startup.Catalina.load Server initialization in [331] milliseconds
05-Oct-2021 16:43:46.947 INFO [main] org.apache.catalina.core.StandardService.startInternal Starting service [Catalina]
05-Oct-2021 16:43:46.947 INFO [main] org.apache.catalina.core.StandardEngine.startInternal Starting Servlet engine: [Apache Tomcat/9.0.53]
05-Oct-2021 16:43:46.952 INFO [main] org.apache.catalina.startup.HostConfig.deployDirectory Deploying web application directory [D:\Personal Files\College\Senior - 1st sem\SOFTWAREDSNL-4651\Activity-6\myProject\rest-api-servelets\webapps\app]
05-Oct-2021 16:43:47.273 INFO [main] org.apache.jasper.servlet.TldScanner.scanJars At least one JAR was scanned for TLDs yet contained no TLDs. Enable debug logging for this logger for a complete list of JARs that were scanned but no TLDs were found in them. Skipping unneeded JARs during scanning can improve startup time and JSP compilation time.
05-Oct-2021 16:43:47.334 INFO [main] org.apache.catalina.startup.HostConfig.deployDirectory Deployment of web application directory [D:\Personal Files\College\Senior - 1st sem\SOFTWAREDSNL-4651\Activity-6\myProject\rest-api-servelets\webapps\app] has finished in [382] ms
05-Oct-2021 16:43:47.335 INFO [main] org.apache.catalina.startup.HostConfig.deployDirectory Deploying web application directory [D:\Personal Files\College\Senior - 1st sem\SOFTWAREDSNL-4651\Activity-6\myProject\rest-api-servelets\webapps\docs]
05-Oct-2021 16:43:47.503 INFO [main] org.apache.jasper.servlet.TldScanner.scanJars At least one JAR was scanned for TLDs yet contained no TLDs. Enable debug logging for this logger for a complete list of JARs that were scanned but no TLDs were found in them. Skipping unneeded JARs during scanning can improve startup time and JSP compilation time.
05-Oct-2021 16:43:47.505 INFO [main] org.apache.catalina.startup.HostConfig.deployDirectory Deployment of web application directory [D:\Personal Files\College\Senior - 1st sem\SOFTWAREDSNL-4651\Activity-6\myProject\rest-api-servelets\webapps\docs] has finished in [170] ms
05-Oct-2021 16:43:47.505 INFO [main] org.apache.catalina.startup.HostConfig.deployDirectory Deploying web application directory [D:\Personal Files\College\Senior - 1st sem\SOFTWAREDSNL-4651\Activity-6\myProject\rest-api-servelets\webapps\examples]
05-Oct-2021 16:43:47.778 INFO [main] org.apache.jasper.servlet.TldScanner.scanJars At least one JAR was scanned for TLDs yet contained no TLDs. Enable debug logging for this logger for a complete list of JARs that were scanned but no TLDs were found in them. Skipping unneeded JARs during scanning can improve startup time and JSP compilation time.
05-Oct-2021 16:43:47.802 INFO [main] org.apache.catalina.startup.HostConfig.deployDirectory Deployment of web application directory [D:\Personal Files\College\Senior - 1st sem\SOFTWAREDSNL-4651\Activity-6\myProject\rest-api-servelets\webapps\examples] has finished in [296] ms
05-Oct-2021 16:43:47.802 INFO [main] org.apache.catalina.startup.HostConfig.deployDirectory Deploying web application directory [D:\Personal Files\College\Senior - 1st sem\SOFTWAREDSNL-4651\Activity-6\myProject\rest-api-servelets\webapps\host-manager]
05-Oct-2021 16:43:47.974 INFO [main] org.apache.jasper.servlet.TldScanner.scanJars At least one JAR was scanned for TLDs yet contained no TLDs. Enable debug logging for this logger for a complete list of JARs that were scanned but no TLDs were found in them. Skipping unneeded JARs during scanning can improve startup time and JSP compilation time.
05-Oct-2021 16:43:47.976 INFO [main] org.apache.catalina.startup.HostConfig.deployDirectory Deployment of web application directory [D:\Personal Files\College\Senior - 1st sem\SOFTWAREDSNL-4651\Activity-6\myProject\rest-api-servelets\webapps\host-manager] has finished in [174] ms
05-Oct-2021 16:43:47.976 INFO [main] org.apache.catalina.startup.HostConfig.deployDirectory Deploying web application directory [D:\Personal Files\College\Senior - 1st sem\SOFTWAREDSNL-4651\Activity-6\myProject\rest-api-servelets\webapps\manager]
05-Oct-2021 16:43:48.130 INFO [main] org.apache.jasper.servlet.TldScanner.scanJars At least one JAR was scanned for TLDs yet contained no TLDs. Enable debug logging for this logger for a complete list of JARs that were scanned but no TLDs were found in them. Skipping unneeded JARs during scanning can improve startup time and JSP compilation time.
05-Oct-2021 16:43:48.132 INFO [main] org.apache.catalina.startup.HostConfig.deployDirectory Deployment of web application directory [D:\Personal Files\College\Senior - 1st sem\SOFTWAREDSNL-4651\Activity-6\myProject\rest-api-servelets\webapps\manager] has finished in [156] ms
05-Oct-2021 16:43:48.132 INFO [main] org.apache.catalina.startup.HostConfig.deployDirectory Deploying web application directory [D:\Personal Files\College\Senior - 1st sem\SOFTWAREDSNL-4651\Activity-6\myProject\rest-api-servelets\webapps\ROOT]
05-Oct-2021 16:43:48.296 INFO [main] org.apache.jasper.servlet.TldScanner.scanJars At least one JAR was scanned for TLDs yet contained no TLDs. Enable debug logging for this logger for a complete list of JARs that were scanned but no TLDs were found in them. Skipping unneeded JARs during scanning can improve startup time and JSP compilation time.
05-Oct-2021 16:43:48.297 INFO [main] org.apache.catalina.startup.HostConfig.deployDirectory Deployment of web application directory [D:\Personal Files\College\Senior - 1st sem\SOFTWAREDSNL-4651\Activity-6\myProject\rest-api-servelets\webapps\ROOT] has finished in [165] ms
05-Oct-2021 16:43:48.299 INFO [main] org.apache.coyote.AbstractProtocol.start Starting ProtocolHandler ["http-nio-8080"]
05-Oct-2021 16:43:48.309 INFO [main] org.apache.catalina.startup.Catalina.start Server startup in [1380] milliseconds
