04-Oct-2021 00:09:35.222 INFO [main] org.apache.catalina.core.ApplicationContext.log ContextListener: contextInitialized()
04-Oct-2021 00:09:35.222 INFO [main] org.apache.catalina.core.ApplicationContext.log SessionListener: contextInitialized()
04-Oct-2021 00:09:35.223 INFO [main] org.apache.catalina.core.ApplicationContext.log ContextListener: attributeAdded('StockTicker', 'async.Stockticker@343570b7')
04-Oct-2021 00:15:11.352 INFO [Thread-3] org.apache.catalina.core.ApplicationContext.log SessionListener: contextDestroyed()
04-Oct-2021 00:15:11.352 INFO [Thread-3] org.apache.catalina.core.ApplicationContext.log ContextListener: contextDestroyed()
04-Oct-2021 00:16:11.452 INFO [main] org.apache.catalina.core.ApplicationContext.log ContextListener: contextInitialized()
04-Oct-2021 00:16:11.452 INFO [main] org.apache.catalina.core.ApplicationContext.log SessionListener: contextInitialized()
04-Oct-2021 00:16:11.453 INFO [main] org.apache.catalina.core.ApplicationContext.log ContextListener: attributeAdded('StockTicker', 'async.Stockticker@343570b7')
04-Oct-2021 00:16:27.723 INFO [Thread-3] org.apache.catalina.core.ApplicationContext.log SessionListener: contextDestroyed()
04-Oct-2021 00:16:27.723 INFO [Thread-3] org.apache.catalina.core.ApplicationContext.log ContextListener: contextDestroyed()
04-Oct-2021 00:19:43.395 INFO [main] org.apache.catalina.core.ApplicationContext.log ContextListener: contextInitialized()
04-Oct-2021 00:19:43.395 INFO [main] org.apache.catalina.core.ApplicationContext.log SessionListener: contextInitialized()
04-Oct-2021 00:19:43.397 INFO [main] org.apache.catalina.core.ApplicationContext.log ContextListener: attributeAdded('StockTicker', 'async.Stockticker@343570b7')
04-Oct-2021 00:20:28.994 INFO [Thread-3] org.apache.catalina.core.ApplicationContext.log SessionListener: contextDestroyed()
04-Oct-2021 00:20:28.994 INFO [Thread-3] org.apache.catalina.core.ApplicationContext.log ContextListener: contextDestroyed()
04-Oct-2021 00:20:33.384 INFO [main] org.apache.catalina.core.ApplicationContext.log ContextListener: contextInitialized()
04-Oct-2021 00:20:33.384 INFO [main] org.apache.catalina.core.ApplicationContext.log SessionListener: contextInitialized()
04-Oct-2021 00:20:33.385 INFO [main] org.apache.catalina.core.ApplicationContext.log ContextListener: attributeAdded('StockTicker', 'async.Stockticker@8317c52')
04-Oct-2021 00:22:29.201 INFO [Thread-3] org.apache.catalina.core.ApplicationContext.log SessionListener: contextDestroyed()
04-Oct-2021 00:22:29.201 INFO [Thread-3] org.apache.catalina.core.ApplicationContext.log ContextListener: contextDestroyed()
04-Oct-2021 00:22:39.240 INFO [main] org.apache.catalina.core.ApplicationContext.log ContextListener: contextInitialized()
04-Oct-2021 00:22:39.240 INFO [main] org.apache.catalina.core.ApplicationContext.log SessionListener: contextInitialized()
04-Oct-2021 00:22:39.241 INFO [main] org.apache.catalina.core.ApplicationContext.log ContextListener: attributeAdded('StockTicker', 'async.Stockticker@8317c52')
04-Oct-2021 00:24:46.574 INFO [main] org.apache.catalina.core.ApplicationContext.log ContextListener: contextInitialized()
04-Oct-2021 00:24:46.574 INFO [main] org.apache.catalina.core.ApplicationContext.log SessionListener: contextInitialized()
04-Oct-2021 00:24:46.575 INFO [main] org.apache.catalina.core.ApplicationContext.log ContextListener: attributeAdded('StockTicker', 'async.Stockticker@46fa7c39')
04-Oct-2021 00:24:46.635 INFO [main] org.apache.catalina.core.ApplicationContext.log SessionListener: contextDestroyed()
04-Oct-2021 00:24:46.635 INFO [main] org.apache.catalina.core.ApplicationContext.log ContextListener: contextDestroyed()
04-Oct-2021 00:24:59.537 INFO [Thread-3] org.apache.catalina.core.ApplicationContext.log SessionListener: contextDestroyed()
04-Oct-2021 00:24:59.537 INFO [Thread-3] org.apache.catalina.core.ApplicationContext.log ContextListener: contextDestroyed()
04-Oct-2021 00:25:14.501 INFO [main] org.apache.catalina.core.ApplicationContext.log ContextListener: contextInitialized()
04-Oct-2021 00:25:14.501 INFO [main] org.apache.catalina.core.ApplicationContext.log SessionListener: contextInitialized()
04-Oct-2021 00:25:14.502 INFO [main] org.apache.catalina.core.ApplicationContext.log ContextListener: attributeAdded('StockTicker', 'async.Stockticker@8317c52')
04-Oct-2021 00:27:07.989 INFO [Thread-3] org.apache.catalina.core.ApplicationContext.log SessionListener: contextDestroyed()
04-Oct-2021 00:27:07.989 INFO [Thread-3] org.apache.catalina.core.ApplicationContext.log ContextListener: contextDestroyed()
04-Oct-2021 00:27:12.957 INFO [main] org.apache.catalina.core.ApplicationContext.log ContextListener: contextInitialized()
04-Oct-2021 00:27:12.957 INFO [main] org.apache.catalina.core.ApplicationContext.log SessionListener: contextInitialized()
04-Oct-2021 00:27:12.958 INFO [main] org.apache.catalina.core.ApplicationContext.log ContextListener: attributeAdded('StockTicker', 'async.Stockticker@8317c52')
04-Oct-2021 00:28:08.673 INFO [Thread-3] org.apache.catalina.core.ApplicationContext.log SessionListener: contextDestroyed()
04-Oct-2021 00:28:08.673 INFO [Thread-3] org.apache.catalina.core.ApplicationContext.log ContextListener: contextDestroyed()
04-Oct-2021 00:39:36.063 INFO [main] org.apache.catalina.core.ApplicationContext.log ContextListener: contextInitialized()
04-Oct-2021 00:39:36.063 INFO [main] org.apache.catalina.core.ApplicationContext.log SessionListener: contextInitialized()
04-Oct-2021 00:39:36.064 INFO [main] org.apache.catalina.core.ApplicationContext.log ContextListener: attributeAdded('StockTicker', 'async.Stockticker@343570b7')
04-Oct-2021 00:39:53.192 INFO [Thread-3] org.apache.catalina.core.ApplicationContext.log SessionListener: contextDestroyed()
04-Oct-2021 00:39:53.192 INFO [Thread-3] org.apache.catalina.core.ApplicationContext.log ContextListener: contextDestroyed()
04-Oct-2021 00:40:43.956 INFO [main] org.apache.catalina.core.ApplicationContext.log ContextListener: contextInitialized()
04-Oct-2021 00:40:43.956 INFO [main] org.apache.catalina.core.ApplicationContext.log SessionListener: contextInitialized()
04-Oct-2021 00:40:43.957 INFO [main] org.apache.catalina.core.ApplicationContext.log ContextListener: attributeAdded('StockTicker', 'async.Stockticker@343570b7')
04-Oct-2021 00:41:10.186 INFO [Thread-3] org.apache.catalina.core.ApplicationContext.log SessionListener: contextDestroyed()
04-Oct-2021 00:41:10.187 INFO [Thread-3] org.apache.catalina.core.ApplicationContext.log ContextListener: contextDestroyed()
04-Oct-2021 00:41:32.324 INFO [main] org.apache.catalina.core.ApplicationContext.log ContextListener: contextInitialized()
04-Oct-2021 00:41:32.324 INFO [main] org.apache.catalina.core.ApplicationContext.log SessionListener: contextInitialized()
04-Oct-2021 00:41:32.325 INFO [main] org.apache.catalina.core.ApplicationContext.log ContextListener: attributeAdded('StockTicker', 'async.Stockticker@343570b7')
04-Oct-2021 00:41:47.719 INFO [Thread-3] org.apache.catalina.core.ApplicationContext.log SessionListener: contextDestroyed()
04-Oct-2021 00:41:47.720 INFO [Thread-3] org.apache.catalina.core.ApplicationContext.log ContextListener: contextDestroyed()
04-Oct-2021 00:41:53.597 INFO [main] org.apache.catalina.core.ApplicationContext.log ContextListener: contextInitialized()
04-Oct-2021 00:41:53.597 INFO [main] org.apache.catalina.core.ApplicationContext.log SessionListener: contextInitialized()
04-Oct-2021 00:41:53.598 INFO [main] org.apache.catalina.core.ApplicationContext.log ContextListener: attributeAdded('StockTicker', 'async.Stockticker@343570b7')
04-Oct-2021 00:43:40.853 INFO [Thread-3] org.apache.catalina.core.ApplicationContext.log SessionListener: contextDestroyed()
04-Oct-2021 00:43:40.853 INFO [Thread-3] org.apache.catalina.core.ApplicationContext.log ContextListener: contextDestroyed()
04-Oct-2021 00:43:46.379 INFO [main] org.apache.catalina.core.ApplicationContext.log ContextListener: contextInitialized()
04-Oct-2021 00:43:46.379 INFO [main] org.apache.catalina.core.ApplicationContext.log SessionListener: contextInitialized()
04-Oct-2021 00:43:46.380 INFO [main] org.apache.catalina.core.ApplicationContext.log ContextListener: attributeAdded('StockTicker', 'async.Stockticker@8317c52')
04-Oct-2021 00:44:33.932 INFO [Thread-3] org.apache.catalina.core.ApplicationContext.log SessionListener: contextDestroyed()
04-Oct-2021 00:44:33.932 INFO [Thread-3] org.apache.catalina.core.ApplicationContext.log ContextListener: contextDestroyed()
04-Oct-2021 00:44:36.183 INFO [main] org.apache.catalina.core.ApplicationContext.log ContextListener: contextInitialized()
04-Oct-2021 00:44:36.183 INFO [main] org.apache.catalina.core.ApplicationContext.log SessionListener: contextInitialized()
04-Oct-2021 00:44:36.184 INFO [main] org.apache.catalina.core.ApplicationContext.log ContextListener: attributeAdded('StockTicker', 'async.Stockticker@8317c52')
04-Oct-2021 00:47:56.005 INFO [Thread-3] org.apache.catalina.core.ApplicationContext.log SessionListener: contextDestroyed()
04-Oct-2021 00:47:56.005 INFO [Thread-3] org.apache.catalina.core.ApplicationContext.log ContextListener: contextDestroyed()
04-Oct-2021 00:48:01.918 INFO [main] org.apache.catalina.core.ApplicationContext.log ContextListener: contextInitialized()
04-Oct-2021 00:48:01.918 INFO [main] org.apache.catalina.core.ApplicationContext.log SessionListener: contextInitialized()
04-Oct-2021 00:48:01.919 INFO [main] org.apache.catalina.core.ApplicationContext.log ContextListener: attributeAdded('StockTicker', 'async.Stockticker@8317c52')
04-Oct-2021 01:03:13.985 INFO [Thread-3] org.apache.catalina.core.ApplicationContext.log SessionListener: contextDestroyed()
04-Oct-2021 01:03:13.985 INFO [Thread-3] org.apache.catalina.core.ApplicationContext.log ContextListener: contextDestroyed()
04-Oct-2021 01:03:16.218 INFO [main] org.apache.catalina.core.ApplicationContext.log ContextListener: contextInitialized()
04-Oct-2021 01:03:16.218 INFO [main] org.apache.catalina.core.ApplicationContext.log SessionListener: contextInitialized()
04-Oct-2021 01:03:16.219 INFO [main] org.apache.catalina.core.ApplicationContext.log ContextListener: attributeAdded('StockTicker', 'async.Stockticker@8317c52')
04-Oct-2021 01:04:23.361 INFO [Thread-3] org.apache.catalina.core.ApplicationContext.log SessionListener: contextDestroyed()
04-Oct-2021 01:04:23.361 INFO [Thread-3] org.apache.catalina.core.ApplicationContext.log ContextListener: contextDestroyed()
04-Oct-2021 01:04:25.601 INFO [main] org.apache.catalina.core.ApplicationContext.log ContextListener: contextInitialized()
04-Oct-2021 01:04:25.601 INFO [main] org.apache.catalina.core.ApplicationContext.log SessionListener: contextInitialized()
04-Oct-2021 01:04:25.602 INFO [main] org.apache.catalina.core.ApplicationContext.log ContextListener: attributeAdded('StockTicker', 'async.Stockticker@8317c52')
04-Oct-2021 01:08:42.682 INFO [Thread-3] org.apache.catalina.core.ApplicationContext.log SessionListener: contextDestroyed()
04-Oct-2021 01:08:42.682 INFO [Thread-3] org.apache.catalina.core.ApplicationContext.log ContextListener: contextDestroyed()
04-Oct-2021 01:08:45.929 INFO [main] org.apache.catalina.core.ApplicationContext.log ContextListener: contextInitialized()
04-Oct-2021 01:08:45.929 INFO [main] org.apache.catalina.core.ApplicationContext.log SessionListener: contextInitialized()
04-Oct-2021 01:08:45.930 INFO [main] org.apache.catalina.core.ApplicationContext.log ContextListener: attributeAdded('StockTicker', 'async.Stockticker@8317c52')
04-Oct-2021 01:15:32.780 INFO [Thread-3] org.apache.catalina.core.ApplicationContext.log SessionListener: contextDestroyed()
04-Oct-2021 01:15:32.780 INFO [Thread-3] org.apache.catalina.core.ApplicationContext.log ContextListener: contextDestroyed()
04-Oct-2021 01:15:35.256 INFO [main] org.apache.catalina.core.ApplicationContext.log ContextListener: contextInitialized()
04-Oct-2021 01:15:35.256 INFO [main] org.apache.catalina.core.ApplicationContext.log SessionListener: contextInitialized()
04-Oct-2021 01:15:35.257 INFO [main] org.apache.catalina.core.ApplicationContext.log ContextListener: attributeAdded('StockTicker', 'async.Stockticker@8317c52')
